#
# There is insufficient memory for the Java Runtime Environment to continue.
# Native memory allocation (malloc) failed to allocate 1424016 bytes for Chunk::new
# Possible reasons:
#   The system is out of physical RAM or swap space
#   The process is running with CompressedOops enabled, and the Java Heap may be blocking the growth of the native heap
# Possible solutions:
#   Reduce memory load on the system
#   Increase physical memory or swap space
#   Check if swap backing store is full
#   Decrease Java heap size (-Xmx/-Xms)
#   Decrease number of Java threads
#   Decrease Java thread stack sizes (-Xss)
#   Set larger code cache with -XX:ReservedCodeCacheSize=
#   JVM is running with Unscaled Compressed Oops mode in which the Java heap is
#     placed in the first 4GB address space. The Java Heap base address is the
#     maximum limit for the native heap growth. Please use -XX:HeapBaseMinAddress
#     to set the Java Heap base and to place the Java Heap above 4GB virtual address.
# This output file may be truncated or incomplete.
#
#  Out of Memory Error (arena.cpp:189), pid=24644, tid=12332
#
# JRE version: OpenJDK Runtime Environment (17.0.6) (build 17.0.6+0-b2043.56-10027231)
# Java VM: OpenJDK 64-Bit Server VM (17.0.6+0-b2043.56-10027231, mixed mode, tiered, compressed oops, compressed class ptrs, g1 gc, windows-amd64)
# No core dump will be written. Minidumps are not enabled by default on client versions of Windows
#

---------------  S U M M A R Y ------------

Command Line: --add-opens=java.base/java.util=ALL-UNNAMED --add-opens=java.base/java.lang=ALL-UNNAMED --add-opens=java.base/java.lang.invoke=ALL-UNNAMED --add-opens=java.prefs/java.util.prefs=ALL-UNNAMED --add-opens=java.base/java.nio.charset=ALL-UNNAMED --add-opens=java.base/java.net=ALL-UNNAMED --add-opens=java.base/java.util.concurrent.atomic=ALL-UNNAMED -Xmx2048m -Dfile.encoding=UTF-8 -Duser.country=RU -Duser.language=ru -Duser.variant org.gradle.launcher.daemon.bootstrap.GradleDaemon 8.0

Host: AMD Ryzen 7 4700U with Radeon Graphics         , 8 cores, 15G,  Windows 10 , 64 bit Build 19041 (10.0.19041.3636)
Time: Tue Dec 12 03:54:53 2023 RTZ 2 (s 10 , 64 bit Build 19041 (10.0.19041.3636) elapsed time: 2.364559 seconds (0d 0h 0m 2s)

---------------  T H R E A D  ---------------

Current thread (0x000001a23d6fe860):  JavaThread "C2 CompilerThread1" daemon [_thread_in_native, id=12332, stack(0x00000015b0400000,0x00000015b0500000)]


Current CompileTask:
C2:   2364 2168   !   4       java.lang.ClassLoader::loadClass (121 bytes)

Stack: [0x00000015b0400000,0x00000015b0500000]
Native frames: (J=compiled Java code, j=interpreted, Vv=VM code, C=native code)
V  [jvm.dll+0x683c9a]
V  [jvm.dll+0x8427a4]
V  [jvm.dll+0x843f9e]
V  [jvm.dll+0x844603]
V  [jvm.dll+0x249b75]
V  [jvm.dll+0xabcac]
V  [jvm.dll+0xac27c]
V  [jvm.dll+0x368802]
V  [jvm.dll+0x1bced2]
V  [jvm.dll+0x21c359]
V  [jvm.dll+0x21b621]
V  [jvm.dll+0x1a4fdd]
V  [jvm.dll+0x22b098]
V  [jvm.dll+0x229159]
V  [jvm.dll+0x7f81ec]
V  [jvm.dll+0x7f274a]
V  [jvm.dll+0x682ad5]
C  [ucrtbase.dll+0x21bb2]
C  [KERNEL32.DLL+0x17344]
C  [ntdll.dll+0x526b1]


---------------  P R O C E S S  ---------------

Threads class SMR info:
_java_thread_list=0x000001a240338850, length=26, elements={
0x000001a222999ca0, 0x000001a23d4167c0, 0x000001a23d449550, 0x000001a23d4a42f0,
0x000001a23d461530, 0x000001a23d461a00, 0x000001a23d462ad0, 0x000001a23d49a870,
0x000001a23d49f850, 0x000001a23d4755b0, 0x000001a23d607e60, 0x000001a23d64b240,
0x000001a23d6fe860, 0x000001a23f9917a0, 0x000001a23ecdddf0, 0x000001a23fdfdf40,
0x000001a2401135c0, 0x000001a23ef35640, 0x000001a2405ed650, 0x000001a23ea968c0,
0x000001a23ee10030, 0x000001a23eb91620, 0x000001a23eb92490, 0x000001a23eb91af0,
0x000001a23eb91150, 0x000001a23eb92960
}

Java Threads: ( => current thread )
  0x000001a222999ca0 JavaThread "main" [_thread_blocked, id=21880, stack(0x00000015af100000,0x00000015af200000)]
  0x000001a23d4167c0 JavaThread "Reference Handler" daemon [_thread_blocked, id=8296, stack(0x00000015af800000,0x00000015af900000)]
  0x000001a23d449550 JavaThread "Finalizer" daemon [_thread_blocked, id=22060, stack(0x00000015af900000,0x00000015afa00000)]
  0x000001a23d4a42f0 JavaThread "Signal Dispatcher" daemon [_thread_blocked, id=18556, stack(0x00000015afa00000,0x00000015afb00000)]
  0x000001a23d461530 JavaThread "Attach Listener" daemon [_thread_blocked, id=24980, stack(0x00000015afb00000,0x00000015afc00000)]
  0x000001a23d461a00 JavaThread "Service Thread" daemon [_thread_blocked, id=12236, stack(0x00000015afc00000,0x00000015afd00000)]
  0x000001a23d462ad0 JavaThread "Monitor Deflation Thread" daemon [_thread_blocked, id=7056, stack(0x00000015afd00000,0x00000015afe00000)]
  0x000001a23d49a870 JavaThread "C2 CompilerThread0" daemon [_thread_in_native, id=22872, stack(0x00000015afe00000,0x00000015aff00000)]
  0x000001a23d49f850 JavaThread "C1 CompilerThread0" daemon [_thread_in_native, id=23808, stack(0x00000015aff00000,0x00000015b0000000)]
  0x000001a23d4755b0 JavaThread "Sweeper thread" daemon [_thread_blocked, id=344, stack(0x00000015b0000000,0x00000015b0100000)]
  0x000001a23d607e60 JavaThread "Common-Cleaner" daemon [_thread_blocked, id=23156, stack(0x00000015b0100000,0x00000015b0200000)]
  0x000001a23d64b240 JavaThread "Notification Thread" daemon [_thread_blocked, id=8620, stack(0x00000015b0200000,0x00000015b0300000)]
=>0x000001a23d6fe860 JavaThread "C2 CompilerThread1" daemon [_thread_in_native, id=12332, stack(0x00000015b0400000,0x00000015b0500000)]
  0x000001a23f9917a0 JavaThread "Daemon health stats" [_thread_blocked, id=22944, stack(0x00000015b0a00000,0x00000015b0b00000)]
  0x000001a23ecdddf0 JavaThread "Incoming local TCP Connector on port 14577" [_thread_in_native, id=2976, stack(0x00000015b0b00000,0x00000015b0c00000)]
  0x000001a23fdfdf40 JavaThread "Daemon periodic checks" [_thread_blocked, id=19588, stack(0x00000015b0c00000,0x00000015b0d00000)]
  0x000001a2401135c0 JavaThread "Daemon" [_thread_blocked, id=23984, stack(0x00000015b0d00000,0x00000015b0e00000)]
  0x000001a23ef35640 JavaThread "Handler for socket connection from /127.0.0.1:14577 to /127.0.0.1:14578" [_thread_in_native, id=15368, stack(0x00000015b0e00000,0x00000015b0f00000)]
  0x000001a2405ed650 JavaThread "Cancel handler" [_thread_blocked, id=15164, stack(0x00000015b0f00000,0x00000015b1000000)]
  0x000001a23ea968c0 JavaThread "Daemon worker" [_thread_in_vm, id=1812, stack(0x00000015b1000000,0x00000015b1100000)]
  0x000001a23ee10030 JavaThread "Asynchronous log dispatcher for DefaultDaemonConnection: socket connection from /127.0.0.1:14577 to /127.0.0.1:14578" [_thread_blocked, id=24464, stack(0x00000015b1100000,0x00000015b1200000)]
  0x000001a23eb91620 JavaThread "Stdin handler" [_thread_blocked, id=12216, stack(0x00000015b1200000,0x00000015b1300000)]
  0x000001a23eb92490 JavaThread "Daemon client event forwarder" [_thread_blocked, id=5644, stack(0x00000015b1300000,0x00000015b1400000)]
  0x000001a23eb91af0 JavaThread "Cache worker for journal cache (C:\Users\Vlad\.gradle\caches\journal-1)" [_thread_blocked, id=3808, stack(0x00000015b1700000,0x00000015b1800000)]
  0x000001a23eb91150 JavaThread "File lock request listener" [_thread_in_native, id=7776, stack(0x00000015b1800000,0x00000015b1900000)]
  0x000001a23eb92960 JavaThread "Cache worker for file hash cache (C:\Users\Vlad\.gradle\caches\8.0\fileHashes)" [_thread_blocked, id=11312, stack(0x00000015b1900000,0x00000015b1a00000)]

Other Threads:
  0x000001a23c83e8e0 VMThread "VM Thread" [stack: 0x00000015af700000,0x00000015af800000] [id=15928]
  0x000001a23d608b40 WatcherThread [stack: 0x00000015b0300000,0x00000015b0400000] [id=25468]
  0x000001a2229f8ef0 GCTaskThread "GC Thread#0" [stack: 0x00000015af200000,0x00000015af300000] [id=19524]
  0x000001a23e603950 GCTaskThread "GC Thread#1" [stack: 0x00000015b0600000,0x00000015b0700000] [id=14620]
  0x000001a23de50fa0 GCTaskThread "GC Thread#2" [stack: 0x00000015b0700000,0x00000015b0800000] [id=13236]
  0x000001a23de51250 GCTaskThread "GC Thread#3" [stack: 0x00000015b0800000,0x00000015b0900000] [id=23644]
  0x000001a23e3efa50 GCTaskThread "GC Thread#4" [stack: 0x00000015b0900000,0x00000015b0a00000] [id=18860]
  0x000001a24007ef20 GCTaskThread "GC Thread#5" [stack: 0x00000015b0500000,0x00000015b0600000] [id=6324]
  0x000001a23e33ba40 GCTaskThread "GC Thread#6" [stack: 0x00000015b1400000,0x00000015b1500000] [id=23944]
  0x000001a23f8170b0 GCTaskThread "GC Thread#7" [stack: 0x00000015b1500000,0x00000015b1600000] [id=15096]
  0x000001a222a09d40 ConcurrentGCThread "G1 Main Marker" [stack: 0x00000015af300000,0x00000015af400000] [id=13852]
  0x000001a222a0a660 ConcurrentGCThread "G1 Conc#0" [stack: 0x00000015af400000,0x00000015af500000] [id=16780]
  0x000001a23fb55750 ConcurrentGCThread "G1 Conc#1" [stack: 0x00000015b1600000,0x00000015b1700000] [id=11252]
  0x000001a222a6dae0 ConcurrentGCThread "G1 Refine#0" [stack: 0x00000015af500000,0x00000015af600000] [id=14084]
  0x000001a222a6e410 ConcurrentGCThread "G1 Service" [stack: 0x00000015af600000,0x00000015af700000] [id=15352]

Threads with active compile tasks:
C2 CompilerThread0     2400 2169   !   4       java.net.URLClassLoader::findClass (47 bytes)
C1 CompilerThread0     2400 2222       3       java.lang.reflect.ProxyGenerator$ProxyMethod::emitIconstInsn (75 bytes)
C2 CompilerThread1     2400 2168   !   4       java.lang.ClassLoader::loadClass (121 bytes)

VM state: not at safepoint (normal execution)

VM Mutex/Monitor currently owned by a thread: None

Heap address: 0x0000000080000000, size: 2048 MB, Compressed Oops mode: 32-bit

CDS archive(s) not mapped
Compressed class space mapped at: 0x0000000100000000-0x0000000140000000, reserved size: 1073741824
Narrow klass base: 0x0000000000000000, Narrow klass shift: 3, Narrow klass range: 0x140000000

GC Precious Log:
 CPUs: 8 total, 8 available
 Memory: 15792M
 Large Page Support: Disabled
 NUMA Support: Disabled
 Compressed Oops: Enabled (32-bit)
 Heap Region Size: 1M
 Heap Min Capacity: 8M
 Heap Initial Capacity: 248M
 Heap Max Capacity: 2G
 Pre-touch: Disabled
 Parallel Workers: 8
 Concurrent Workers: 2
 Concurrent Refinement Workers: 8
 Periodic GC: Disabled

Heap:
 garbage-first heap   total 65536K, used 45989K [0x0000000080000000, 0x0000000100000000)
  region size 1024K, 36 young (36864K), 8 survivors (8192K)
 Metaspace       used 25669K, committed 25920K, reserved 1073152K
  class space    used 3348K, committed 3456K, reserved 1048576K

Heap Regions: E=young(eden), S=young(survivor), O=old, HS=humongous(starts), HC=humongous(continues), CS=collection set, F=free, OA=open archive, CA=closed archive, TAMS=top-at-mark-start (previous, next)
|   0|0x0000000080000000, 0x0000000080100000, 0x0000000080100000|100%|HS|  |TAMS 0x0000000080100000, 0x0000000080000000| Complete 
|   1|0x0000000080100000, 0x0000000080200000, 0x0000000080200000|100%|HC|  |TAMS 0x0000000080200000, 0x0000000080100000| Complete 
|   2|0x0000000080200000, 0x0000000080300000, 0x0000000080300000|100%|HC|  |TAMS 0x0000000080300000, 0x0000000080200000| Complete 
|   3|0x0000000080300000, 0x0000000080400000, 0x0000000080400000|100%|HC|  |TAMS 0x0000000080400000, 0x0000000080300000| Complete 
|   4|0x0000000080400000, 0x0000000080500000, 0x0000000080500000|100%| O|  |TAMS 0x0000000080500000, 0x0000000080400000| Untracked 
|   5|0x0000000080500000, 0x0000000080600000, 0x0000000080600000|100%| O|  |TAMS 0x0000000080600000, 0x0000000080500000| Untracked 
|   6|0x0000000080600000, 0x0000000080700000, 0x0000000080700000|100%| O|  |TAMS 0x0000000080700000, 0x0000000080600000| Untracked 
|   7|0x0000000080700000, 0x0000000080700000, 0x0000000080800000|  0%| F|  |TAMS 0x0000000080700000, 0x0000000080700000| Untracked 
|   8|0x0000000080800000, 0x0000000080900000, 0x0000000080900000|100%| O|  |TAMS 0x0000000080900000, 0x0000000080800000| Untracked 
|   9|0x0000000080900000, 0x0000000080a00000, 0x0000000080a00000|100%| O|  |TAMS 0x0000000080a00000, 0x0000000080900000| Untracked 
|  10|0x0000000080a00000, 0x0000000080af7400, 0x0000000080b00000| 96%| O|  |TAMS 0x0000000080af7400, 0x0000000080a00000| Complete 
|  11|0x0000000080b00000, 0x0000000080b00000, 0x0000000080c00000|  0%| F|  |TAMS 0x0000000080b00000, 0x0000000080b00000| Untracked 
|  12|0x0000000080c00000, 0x0000000080c00000, 0x0000000080d00000|  0%| F|  |TAMS 0x0000000080c00000, 0x0000000080c00000| Untracked 
|  13|0x0000000080d00000, 0x0000000080d00000, 0x0000000080e00000|  0%| F|  |TAMS 0x0000000080d00000, 0x0000000080d00000| Untracked 
|  14|0x0000000080e00000, 0x0000000080e00000, 0x0000000080f00000|  0%| F|  |TAMS 0x0000000080e00000, 0x0000000080e00000| Untracked 
|  15|0x0000000080f00000, 0x0000000080f00000, 0x0000000081000000|  0%| F|  |TAMS 0x0000000080f00000, 0x0000000080f00000| Untracked 
|  16|0x0000000081000000, 0x0000000081000000, 0x0000000081100000|  0%| F|  |TAMS 0x0000000081000000, 0x0000000081000000| Untracked 
|  17|0x0000000081100000, 0x0000000081100000, 0x0000000081200000|  0%| F|  |TAMS 0x0000000081100000, 0x0000000081100000| Untracked 
|  18|0x0000000081200000, 0x0000000081200000, 0x0000000081300000|  0%| F|  |TAMS 0x0000000081200000, 0x0000000081200000| Untracked 
|  19|0x0000000081300000, 0x0000000081300000, 0x0000000081400000|  0%| F|  |TAMS 0x0000000081300000, 0x0000000081300000| Untracked 
|  20|0x0000000081400000, 0x0000000081400000, 0x0000000081500000|  0%| F|  |TAMS 0x0000000081400000, 0x0000000081400000| Untracked 
|  21|0x0000000081500000, 0x0000000081500000, 0x0000000081600000|  0%| F|  |TAMS 0x0000000081500000, 0x0000000081500000| Untracked 
|  22|0x0000000081600000, 0x0000000081600000, 0x0000000081700000|  0%| F|  |TAMS 0x0000000081600000, 0x0000000081600000| Untracked 
|  23|0x0000000081700000, 0x0000000081700000, 0x0000000081800000|  0%| F|  |TAMS 0x0000000081700000, 0x0000000081700000| Untracked 
|  24|0x0000000081800000, 0x0000000081800000, 0x0000000081900000|  0%| F|  |TAMS 0x0000000081800000, 0x0000000081800000| Untracked 
|  25|0x0000000081900000, 0x0000000081900000, 0x0000000081a00000|  0%| F|  |TAMS 0x0000000081900000, 0x0000000081900000| Untracked 
|  26|0x0000000081a00000, 0x0000000081a00000, 0x0000000081b00000|  0%| F|  |TAMS 0x0000000081a00000, 0x0000000081a00000| Untracked 
|  27|0x0000000081b00000, 0x0000000081b00000, 0x0000000081c00000|  0%| F|  |TAMS 0x0000000081b00000, 0x0000000081b00000| Untracked 
|  28|0x0000000081c00000, 0x0000000081d00000, 0x0000000081d00000|100%| E|  |TAMS 0x0000000081c00000, 0x0000000081c00000| Complete 
|  29|0x0000000081d00000, 0x0000000081e00000, 0x0000000081e00000|100%| E|CS|TAMS 0x0000000081d00000, 0x0000000081d00000| Complete 
|  30|0x0000000081e00000, 0x0000000081f00000, 0x0000000081f00000|100%| E|CS|TAMS 0x0000000081e00000, 0x0000000081e00000| Complete 
|  31|0x0000000081f00000, 0x0000000082000000, 0x0000000082000000|100%| E|CS|TAMS 0x0000000081f00000, 0x0000000081f00000| Complete 
|  32|0x0000000082000000, 0x0000000082100000, 0x0000000082100000|100%| E|CS|TAMS 0x0000000082000000, 0x0000000082000000| Complete 
|  33|0x0000000082100000, 0x0000000082200000, 0x0000000082200000|100%| E|CS|TAMS 0x0000000082100000, 0x0000000082100000| Complete 
|  34|0x0000000082200000, 0x0000000082300000, 0x0000000082300000|100%| E|CS|TAMS 0x0000000082200000, 0x0000000082200000| Complete 
|  35|0x0000000082300000, 0x0000000082400000, 0x0000000082400000|100%| E|CS|TAMS 0x0000000082300000, 0x0000000082300000| Complete 
|  36|0x0000000082400000, 0x0000000082500000, 0x0000000082500000|100%| E|CS|TAMS 0x0000000082400000, 0x0000000082400000| Complete 
|  37|0x0000000082500000, 0x0000000082600000, 0x0000000082600000|100%| E|CS|TAMS 0x0000000082500000, 0x0000000082500000| Complete 
|  38|0x0000000082600000, 0x0000000082700000, 0x0000000082700000|100%| E|CS|TAMS 0x0000000082600000, 0x0000000082600000| Complete 
|  39|0x0000000082700000, 0x0000000082800000, 0x0000000082800000|100%| E|CS|TAMS 0x0000000082700000, 0x0000000082700000| Complete 
|  40|0x0000000082800000, 0x0000000082900000, 0x0000000082900000|100%| E|CS|TAMS 0x0000000082800000, 0x0000000082800000| Complete 
|  41|0x0000000082900000, 0x0000000082a00000, 0x0000000082a00000|100%| E|CS|TAMS 0x0000000082900000, 0x0000000082900000| Complete 
|  42|0x0000000082a00000, 0x0000000082b00000, 0x0000000082b00000|100%| E|CS|TAMS 0x0000000082a00000, 0x0000000082a00000| Complete 
|  43|0x0000000082b00000, 0x0000000082c00000, 0x0000000082c00000|100%| E|CS|TAMS 0x0000000082b00000, 0x0000000082b00000| Complete 
|  44|0x0000000082c00000, 0x0000000082d00000, 0x0000000082d00000|100%| E|CS|TAMS 0x0000000082c00000, 0x0000000082c00000| Complete 
|  45|0x0000000082d00000, 0x0000000082e00000, 0x0000000082e00000|100%| E|CS|TAMS 0x0000000082d00000, 0x0000000082d00000| Complete 
|  46|0x0000000082e00000, 0x0000000082f00000, 0x0000000082f00000|100%| E|CS|TAMS 0x0000000082e00000, 0x0000000082e00000| Complete 
|  47|0x0000000082f00000, 0x0000000083000000, 0x0000000083000000|100%| E|CS|TAMS 0x0000000082f00000, 0x0000000082f00000| Complete 
|  48|0x0000000083000000, 0x0000000083100000, 0x0000000083100000|100%| E|CS|TAMS 0x0000000083000000, 0x0000000083000000| Complete 
|  49|0x0000000083100000, 0x0000000083200000, 0x0000000083200000|100%| E|CS|TAMS 0x0000000083100000, 0x0000000083100000| Complete 
|  50|0x0000000083200000, 0x0000000083300000, 0x0000000083300000|100%| E|CS|TAMS 0x0000000083200000, 0x0000000083200000| Complete 
|  51|0x0000000083300000, 0x0000000083400000, 0x0000000083400000|100%| E|CS|TAMS 0x0000000083300000, 0x0000000083300000| Complete 
|  52|0x0000000083400000, 0x0000000083500000, 0x0000000083500000|100%| E|CS|TAMS 0x0000000083400000, 0x0000000083400000| Complete 
|  53|0x0000000083500000, 0x0000000083600000, 0x0000000083600000|100%| E|CS|TAMS 0x0000000083500000, 0x0000000083500000| Complete 
|  54|0x0000000083600000, 0x0000000083700000, 0x0000000083700000|100%| E|CS|TAMS 0x0000000083600000, 0x0000000083600000| Complete 
| 199|0x000000008c700000, 0x000000008c7f21d0, 0x000000008c800000| 94%| S|CS|TAMS 0x000000008c700000, 0x000000008c700000| Complete 
| 200|0x000000008c800000, 0x000000008c900000, 0x000000008c900000|100%| S|CS|TAMS 0x000000008c800000, 0x000000008c800000| Complete 
| 201|0x000000008c900000, 0x000000008ca00000, 0x000000008ca00000|100%| S|CS|TAMS 0x000000008c900000, 0x000000008c900000| Complete 
| 202|0x000000008ca00000, 0x000000008cb00000, 0x000000008cb00000|100%| S|CS|TAMS 0x000000008ca00000, 0x000000008ca00000| Complete 
| 203|0x000000008cb00000, 0x000000008cc00000, 0x000000008cc00000|100%| S|CS|TAMS 0x000000008cb00000, 0x000000008cb00000| Complete 
| 204|0x000000008cc00000, 0x000000008cd00000, 0x000000008cd00000|100%| S|CS|TAMS 0x000000008cc00000, 0x000000008cc00000| Complete 
| 205|0x000000008cd00000, 0x000000008ce00000, 0x000000008ce00000|100%| S|CS|TAMS 0x000000008cd00000, 0x000000008cd00000| Complete 
| 206|0x000000008ce00000, 0x000000008cf00000, 0x000000008cf00000|100%| S|CS|TAMS 0x000000008ce00000, 0x000000008ce00000| Complete 
| 247|0x000000008f700000, 0x000000008f800000, 0x000000008f800000|100%| E|CS|TAMS 0x000000008f700000, 0x000000008f700000| Complete 

Card table byte_map: [0x000001a2355a0000,0x000001a2359a0000] _byte_map_base: 0x000001a2351a0000

Marking Bits (Prev, Next): (CMBitMap*) 0x000001a2229f9450, (CMBitMap*) 0x000001a2229f9410
 Prev Bits: [0x000001a237da0000, 0x000001a239da0000)
 Next Bits: [0x000001a235da0000, 0x000001a237da0000)

Polling page: 0x000001a220970000

Metaspace:

Usage:
  Non-class:     21.81 MB used.
      Class:      3.27 MB used.
       Both:     25.08 MB used.

Virtual space:
  Non-class space:       24.00 MB reserved,      21.94 MB ( 91%) committed,  3 nodes.
      Class space:        1.00 GB reserved,       3.38 MB ( <1%) committed,  1 nodes.
             Both:        1.02 GB reserved,      25.31 MB (  2%) committed. 

Chunk freelists:
   Non-Class:  1.45 MB
       Class:  463.00 KB
        Both:  1.90 MB

MaxMetaspaceSize: unlimited
CompressedClassSpaceSize: 1.00 GB
Initial GC threshold: 21.00 MB
Current GC threshold: 35.12 MB
CDS: off
MetaspaceReclaimPolicy: balanced
 - commit_granule_bytes: 65536.
 - commit_granule_words: 8192.
 - virtual_space_node_default_size: 1048576.
 - enlarge_chunks_in_place: 1.
 - new_chunks_are_fully_committed: 0.
 - uncommit_free_chunks: 1.
 - use_allocation_guard: 0.
 - handle_deallocations: 1.


Internal statistics:

num_allocs_failed_limit: 3.
num_arena_births: 210.
num_arena_deaths: 0.
num_vsnodes_births: 4.
num_vsnodes_deaths: 0.
num_space_committed: 405.
num_space_uncommitted: 0.
num_chunks_returned_to_freelist: 3.
num_chunks_taken_from_freelist: 800.
num_chunk_merges: 3.
num_chunk_splits: 515.
num_chunks_enlarged: 371.
num_purges: 0.
num_inconsistent_stats: 0.

CodeHeap 'non-profiled nmethods': size=120000Kb used=1139Kb max_used=1139Kb free=118860Kb
 bounds [0x000001a22d940000, 0x000001a22dbb0000, 0x000001a234e70000]
CodeHeap 'profiled nmethods': size=120000Kb used=4591Kb max_used=4591Kb free=115408Kb
 bounds [0x000001a225e70000, 0x000001a2262f0000, 0x000001a22d3a0000]
CodeHeap 'non-nmethods': size=5760Kb used=1221Kb max_used=1264Kb free=4538Kb
 bounds [0x000001a22d3a0000, 0x000001a22d610000, 0x000001a22d940000]
 total_blobs=2756 nmethods=2228 adapters=440
 compilation: enabled
              stopped_count=0, restarted_count=0
 full_count=0

Compilation events (20 events):
Event: 2.358 Thread 0x000001a23d49f850 2202       3       sun.reflect.generics.parser.SignatureParser::parseTypeSig (10 bytes)
Event: 2.358 Thread 0x000001a23d49f850 nmethod 2202 0x000001a2262db210 code [0x000001a2262db3c0, 0x000001a2262db5c8]
Event: 2.358 Thread 0x000001a23d49f850 2198       3       java.nio.HeapByteBuffer::<init> (23 bytes)
Event: 2.358 Thread 0x000001a23d49f850 nmethod 2198 0x000001a2262db690 code [0x000001a2262db840, 0x000001a2262db9c8]
Event: 2.358 Thread 0x000001a23d49f850 2204       3       java.lang.WeakPairMap$Pair::lookup (10 bytes)
Event: 2.358 Thread 0x000001a23d49f850 nmethod 2204 0x000001a2262dba90 code [0x000001a2262dbc80, 0x000001a2262dc1f8]
Event: 2.358 Thread 0x000001a23d49f850 2203       1       java.util.Collections$SingletonList::size (2 bytes)
Event: 2.358 Thread 0x000001a23d49f850 nmethod 2203 0x000001a22da5bb90 code [0x000001a22da5bd20, 0x000001a22da5bdf8]
Event: 2.358 Thread 0x000001a23d49f850 2205       3       java.lang.WeakPairMap$Pair$Lookup::<init> (21 bytes)
Event: 2.358 Thread 0x000001a23d49f850 nmethod 2205 0x000001a2262dc410 code [0x000001a2262dc600, 0x000001a2262dcad8]
Event: 2.359 Thread 0x000001a23d49f850 2206   !   3       sun.reflect.annotation.AnnotationParser::parseAnnotation2 (271 bytes)
Event: 2.360 Thread 0x000001a23d49f850 nmethod 2206 0x000001a2262dcc90 code [0x000001a2262dd0a0, 0x000001a2262decc8]
Event: 2.360 Thread 0x000001a23d49f850 2207   !   3       jdk.internal.loader.AbstractClassLoaderValue::computeIfAbsent (113 bytes)
Event: 2.361 Thread 0x000001a23d49f850 nmethod 2207 0x000001a2262df710 code [0x000001a2262df9c0, 0x000001a2262e0808]
Event: 2.361 Thread 0x000001a23d49f850 2208       3       sun.reflect.annotation.AnnotationInvocationHandler::invoke (178 bytes)
Event: 2.362 Thread 0x000001a23d49f850 nmethod 2208 0x000001a2262e0e10 code [0x000001a2262e1120, 0x000001a2262e2208]
Event: 2.362 Thread 0x000001a23d49f850 2210       3       java.lang.reflect.Proxy::newProxyInstance (35 bytes)
Event: 2.362 Thread 0x000001a23d49f850 nmethod 2210 0x000001a2262e2710 code [0x000001a2262e2900, 0x000001a2262e2d58]
Event: 2.362 Thread 0x000001a23d49f850 2209       3       java.nio.ByteBuffer::wrap (8 bytes)
Event: 2.362 Thread 0x000001a23d49f850 nmethod 2209 0x000001a2262e2f10 code [0x000001a2262e30a0, 0x000001a2262e31c8]

GC Heap History (6 events):
Event: 0.546 GC heap before
{Heap before GC invocations=0 (full 0):
 garbage-first heap   total 253952K, used 26624K [0x0000000080000000, 0x0000000100000000)
  region size 1024K, 23 young (23552K), 0 survivors (0K)
 Metaspace       used 10273K, committed 10432K, reserved 1064960K
  class space    used 1062K, committed 1152K, reserved 1048576K
}
Event: 0.550 GC heap after
{Heap after GC invocations=1 (full 0):
 garbage-first heap   total 253952K, used 10027K [0x0000000080000000, 0x0000000100000000)
  region size 1024K, 3 young (3072K), 3 survivors (3072K)
 Metaspace       used 10273K, committed 10432K, reserved 1064960K
  class space    used 1062K, committed 1152K, reserved 1048576K
}
Event: 0.872 GC heap before
{Heap before GC invocations=1 (full 0):
 garbage-first heap   total 253952K, used 39723K [0x0000000080000000, 0x0000000100000000)
  region size 1024K, 32 young (32768K), 3 survivors (3072K)
 Metaspace       used 11239K, committed 11456K, reserved 1064960K
  class space    used 1166K, committed 1280K, reserved 1048576K
}
Event: 0.875 GC heap after
{Heap after GC invocations=2 (full 0):
 garbage-first heap   total 253952K, used 14301K [0x0000000080000000, 0x0000000100000000)
  region size 1024K, 4 young (4096K), 4 survivors (4096K)
 Metaspace       used 11239K, committed 11456K, reserved 1064960K
  class space    used 1166K, committed 1280K, reserved 1048576K
}
Event: 1.752 GC heap before
{Heap before GC invocations=2 (full 0):
 garbage-first heap   total 253952K, used 51165K [0x0000000080000000, 0x0000000100000000)
  region size 1024K, 41 young (41984K), 4 survivors (4096K)
 Metaspace       used 21180K, committed 21504K, reserved 1073152K
  class space    used 2570K, committed 2752K, reserved 1048576K
}
Event: 1.757 GC heap after
{Heap after GC invocations=3 (full 0):
 garbage-first heap   total 253952K, used 18341K [0x0000000080000000, 0x0000000100000000)
  region size 1024K, 8 young (8192K), 8 survivors (8192K)
 Metaspace       used 21180K, committed 21504K, reserved 1073152K
  class space    used 2570K, committed 2752K, reserved 1048576K
}

Dll operation events (2 events):
Event: 0.005 Loaded shared library C:\Program Files\Android\Android Studio\jbr\bin\java.dll
Event: 0.304 Loaded shared library C:\Program Files\Android\Android Studio\jbr\bin\verify.dll

Deoptimization events (20 events):
Event: 1.899 Thread 0x000001a23ea968c0 Uncommon trap: trap_request=0xffffff45 fr.pc=0x000001a22d954b38 relative=0x0000000000000198
Event: 1.899 Thread 0x000001a23ea968c0 Uncommon trap: reason=unstable_if action=reinterpret pc=0x000001a22d954b38 method=java.util.regex.Matcher.reset()Ljava/util/regex/Matcher; @ 47 c2
Event: 1.899 Thread 0x000001a23ea968c0 DEOPT PACKING pc=0x000001a22d954b38 sp=0x00000015b10fae80
Event: 1.899 Thread 0x000001a23ea968c0 DEOPT UNPACKING pc=0x000001a22d3f69a3 sp=0x00000015b10fae08 mode 2
Event: 1.899 Thread 0x000001a23ea968c0 Uncommon trap: trap_request=0xffffff45 fr.pc=0x000001a22d955364 relative=0x0000000000000404
Event: 1.899 Thread 0x000001a23ea968c0 Uncommon trap: reason=unstable_if action=reinterpret pc=0x000001a22d955364 method=java.util.regex.Matcher.match(II)Z @ 76 c2
Event: 1.899 Thread 0x000001a23ea968c0 DEOPT PACKING pc=0x000001a22d955364 sp=0x00000015b10faeb0
Event: 1.899 Thread 0x000001a23ea968c0 DEOPT UNPACKING pc=0x000001a22d3f69a3 sp=0x00000015b10fae80 mode 2
Event: 1.920 Thread 0x000001a23ea968c0 Uncommon trap: trap_request=0xffffff45 fr.pc=0x000001a22d9c5bb4 relative=0x0000000000000714
Event: 1.920 Thread 0x000001a23ea968c0 Uncommon trap: reason=unstable_if action=reinterpret pc=0x000001a22d9c5bb4 method=java.util.ArrayList.grow(I)[Ljava/lang/Object; @ 17 c2
Event: 1.920 Thread 0x000001a23ea968c0 DEOPT PACKING pc=0x000001a22d9c5bb4 sp=0x00000015b10fcf30
Event: 1.920 Thread 0x000001a23ea968c0 DEOPT UNPACKING pc=0x000001a22d3f69a3 sp=0x00000015b10fcdc8 mode 2
Event: 1.944 Thread 0x000001a23ea968c0 Uncommon trap: trap_request=0xffffff45 fr.pc=0x000001a22d959910 relative=0x0000000000000a90
Event: 1.944 Thread 0x000001a23ea968c0 Uncommon trap: reason=unstable_if action=reinterpret pc=0x000001a22d959910 method=java.io.WinNTFileSystem.resolve(Ljava/lang/String;Ljava/lang/String;)Ljava/lang/String; @ 19 c2
Event: 1.944 Thread 0x000001a23ea968c0 DEOPT PACKING pc=0x000001a22d959910 sp=0x00000015b10fce40
Event: 1.944 Thread 0x000001a23ea968c0 DEOPT UNPACKING pc=0x000001a22d3f69a3 sp=0x00000015b10fcde8 mode 2
Event: 1.946 Thread 0x000001a23ea968c0 Uncommon trap: trap_request=0xffffff45 fr.pc=0x000001a22d9ada40 relative=0x00000000000005a0
Event: 1.946 Thread 0x000001a23ea968c0 Uncommon trap: reason=unstable_if action=reinterpret pc=0x000001a22d9ada40 method=java.io.File.getName()Ljava/lang/String; @ 16 c2
Event: 1.946 Thread 0x000001a23ea968c0 DEOPT PACKING pc=0x000001a22d9ada40 sp=0x00000015b10fcde0
Event: 1.946 Thread 0x000001a23ea968c0 DEOPT UNPACKING pc=0x000001a22d3f69a3 sp=0x00000015b10fcdb0 mode 2

Classes unloaded (0 events):
No events

Classes redefined (0 events):
No events

Internal exceptions (20 events):
Event: 1.619 Thread 0x000001a23ea968c0 Exception <a 'java/lang/NoSuchMethodError'{0x000000008d9ddfb8}: 'java.lang.Object java.lang.invoke.DirectMethodHandle$Holder.newInvokeSpecial(java.lang.Object, java.lang.Object, java.lang.Object, java.lang.Object, java.lang.Object)'> (0x000000008d9ddfb8) 
thrown [s\src\hotspot\share\interpreter\linkResolver.cpp, line 771]
Event: 1.656 Thread 0x000001a23ea968c0 Exception <a 'java/lang/NoSuchMethodError'{0x000000008d384490}: 'void java.lang.invoke.DirectMethodHandle$Holder.invokeSpecial(java.lang.Object, java.lang.Object, java.lang.Object)'> (0x000000008d384490) 
thrown [s\src\hotspot\share\interpreter\linkResolver.cpp, line 771]
Event: 1.671 Thread 0x000001a23ea968c0 Exception <a 'java/lang/NoSuchMethodError'{0x000000008d205250}: 'java.lang.Object java.lang.invoke.DirectMethodHandle$Holder.newInvokeSpecial(java.lang.Object, java.lang.Object, java.lang.Object, java.lang.Object, java.lang.Object, java.lang.Object)'> (0x000000008d205250) 
thrown [s\src\hotspot\share\interpreter\linkResolver.cpp, line 771]
Event: 1.672 Thread 0x000001a23ea968c0 Exception <a 'java/lang/NoSuchMethodError'{0x000000008d212230}: 'void java.lang.invoke.DirectMethodHandle$Holder.invokeSpecial(java.lang.Object, java.lang.Object, java.lang.Object, java.lang.Object, java.lang.Object)'> (0x000000008d212230) 
thrown [s\src\hotspot\share\interpreter\linkResolver.cpp, line 771]
Event: 1.729 Thread 0x000001a23ea968c0 Exception <a 'java/lang/NoSuchMethodError'{0x000000008d09c1a8}: 'void java.lang.invoke.DelegatingMethodHandle$Holder.reinvoke_L(java.lang.Object, java.lang.Object, java.lang.Object, java.lang.Object, java.lang.Object, java.lang.Object, java.lang.Object, java.lang.Object, java.lang.Object, java.lang.Object, java.lang.Object)'> (0x000000008d09c1a8) 
thrown [s\src\hotspot\share\interpreter\linkResolver.cpp, line 771]
Event: 1.729 Thread 0x000001a23ea968c0 Exception <a 'java/lang/NoSuchMethodError'{0x000000008d0a4ca8}: 'java.lang.Object java.lang.invoke.DirectMethodHandle$Holder.invokeSpecial(java.lang.Object, java.lang.Object, java.lang.Object, java.lang.Object, java.lang.Object, java.lang.Object, java.lang.Object, java.lang.Object, java.lang.Object, java.lang.Object, java.lang.Object)'> (0x000000008d0a4ca8) 
thrown [s\src\hotspot\share\interpreter\linkResolver.cpp, line 771]
Event: 1.729 Thread 0x000001a23ea968c0 Exception <a 'java/lang/NoSuchMethodError'{0x000000008d0a9770}: 'java.lang.Object java.lang.invoke.Invokers$Holder.invoker(java.lang.Object, java.lang.Object, java.lang.Object, java.lang.Object, java.lang.Object, java.lang.Object, java.lang.Object, java.lang.Object, java.lang.Object, java.lang.Object, java.lang.Object)'> (0x000000008d0a9770) 
thrown [s\src\hotspot\share\interpreter\linkResolver.cpp, line 771]
Event: 1.730 Thread 0x000001a23ea968c0 Exception <a 'java/lang/NoSuchMethodError'{0x000000008d0af568}: 'java.lang.Object java.lang.invoke.DirectMethodHandle$Holder.invokeSpecial(java.lang.Object, java.lang.Object, java.lang.Object, java.lang.Object, java.lang.Object, java.lang.Object, java.lang.Object, java.lang.Object, java.lang.Object, java.lang.Object, java.lang.Object, java.lang.Object)'> (0x000000008d0af568) 
thrown [s\src\hotspot\share\interpreter\linkResolver.cpp, line 771]
Event: 1.768 Thread 0x000001a23ea968c0 Exception <a 'java/lang/NoSuchMethodError'{0x000000008f7484a0}: 'java.lang.Object java.lang.invoke.DirectMethodHandle$Holder.invokeSpecial(java.lang.Object, java.lang.Object, java.lang.Object, java.lang.Object, java.lang.Object, java.lang.Object, java.lang.Object, java.lang.Object, java.lang.Object)'> (0x000000008f7484a0) 
thrown [s\src\hotspot\share\interpreter\linkResolver.cpp, line 771]
Event: 1.866 Thread 0x000001a23ea968c0 Exception <a 'java/lang/NoSuchMethodError'{0x000000008333d1d0}: 'void java.lang.invoke.DirectMethodHandle$Holder.invokeStaticInit(java.lang.Object)'> (0x000000008333d1d0) 
thrown [s\src\hotspot\share\interpreter\linkResolver.cpp, line 771]
Event: 1.881 Thread 0x000001a23ea968c0 Exception <a 'java/lang/NoSuchMethodError'{0x00000000833cfc68}: 'java.lang.Object java.lang.invoke.DirectMethodHandle$Holder.newInvokeSpecial(java.lang.Object, java.lang.Object, java.lang.Object, int)'> (0x00000000833cfc68) 
thrown [s\src\hotspot\share\interpreter\linkResolver.cpp, line 771]
Event: 1.881 Thread 0x000001a23ea968c0 Exception <a 'java/lang/NoSuchMethodError'{0x00000000833d4598}: 'java.lang.Object java.lang.invoke.DirectMethodHandle$Holder.invokeSpecial(java.lang.Object, java.lang.Object, java.lang.Object, java.lang.Object, int)'> (0x00000000833d4598) 
thrown [s\src\hotspot\share\interpreter\linkResolver.cpp, line 771]
Event: 1.882 Thread 0x000001a23ea968c0 Exception <a 'java/lang/NoSuchMethodError'{0x00000000833d86b0}: 'java.lang.Object java.lang.invoke.Invokers$Holder.linkToTargetMethod(java.lang.Object, java.lang.Object, int, java.lang.Object)'> (0x00000000833d86b0) 
thrown [s\src\hotspot\share\interpreter\linkResolver.cpp, line 771]
Event: 2.123 Thread 0x000001a23ea968c0 Exception <a 'java/lang/NoSuchMethodError'{0x00000000827e5ab8}: 'int java.lang.invoke.DirectMethodHandle$Holder.invokeSpecialIFC(java.lang.Object, java.lang.Object, java.lang.Object, java.lang.Object)'> (0x00000000827e5ab8) 
thrown [s\src\hotspot\share\interpreter\linkResolver.cpp, line 771]
Event: 2.125 Thread 0x000001a23ea968c0 Exception <a 'java/lang/NoSuchMethodError'{0x00000000827f4b10}: 'java.lang.Object java.lang.invoke.DirectMethodHandle$Holder.invokeInterface(java.lang.Object, java.lang.Object, java.lang.Object)'> (0x00000000827f4b10) 
thrown [s\src\hotspot\share\interpreter\linkResolver.cpp, line 771]
Event: 2.125 Thread 0x000001a23ea968c0 Exception <a 'java/lang/IncompatibleClassChangeError'{0x00000000827f8728}: Found class java.lang.Object, but interface was expected> (0x00000000827f8728) 
thrown [s\src\hotspot\share\interpreter\linkResolver.cpp, line 838]
Event: 2.144 Thread 0x000001a23ea968c0 Exception <a 'java/lang/NoSuchMethodError'{0x00000000826cefa8}: 'int java.lang.invoke.DirectMethodHandle$Holder.invokeStatic(java.lang.Object, java.lang.Object, java.lang.Object, java.lang.Object)'> (0x00000000826cefa8) 
thrown [s\src\hotspot\share\interpreter\linkResolver.cpp, line 771]
Event: 2.144 Thread 0x000001a23ea968c0 Exception <a 'java/lang/NoSuchMethodError'{0x00000000826d2bd0}: 'java.lang.Object java.lang.invoke.Invokers$Holder.invokeExact_MT(java.lang.Object, java.lang.Object, java.lang.Object, java.lang.Object, java.lang.Object, java.lang.Object)'> (0x00000000826d2bd0) 
thrown [s\src\hotspot\share\interpreter\linkResolver.cpp, line 771]
Event: 2.322 Thread 0x000001a23ea968c0 Exception <a 'java/lang/NoSuchMethodError'{0x0000000081efc220}: 'void java.lang.invoke.DirectMethodHandle$Holder.invokeStatic(java.lang.Object, java.lang.Object)'> (0x0000000081efc220) 
thrown [s\src\hotspot\share\interpreter\linkResolver.cpp, line 771]
Event: 2.345 Thread 0x000001a23ea968c0 Exception <a 'java/lang/NoSuchMethodError'{0x0000000081d5c6d8}: 'java.lang.Object java.lang.invoke.DirectMethodHandle$Holder.invokeVirtual(java.lang.Object, java.lang.Object, java.lang.Object, java.lang.Object)'> (0x0000000081d5c6d8) 
thrown [s\src\hotspot\share\interpreter\linkResolver.cpp, line 771]

VM Operations (20 events):
Event: 1.175 Executing VM operation: HandshakeAllThreads
Event: 1.175 Executing VM operation: HandshakeAllThreads done
Event: 1.210 Executing VM operation: HandshakeAllThreads
Event: 1.210 Executing VM operation: HandshakeAllThreads done
Event: 1.269 Executing VM operation: HandshakeAllThreads
Event: 1.269 Executing VM operation: HandshakeAllThreads done
Event: 1.397 Executing VM operation: HandshakeAllThreads
Event: 1.397 Executing VM operation: HandshakeAllThreads done
Event: 1.432 Executing VM operation: HandshakeAllThreads
Event: 1.432 Executing VM operation: HandshakeAllThreads done
Event: 1.751 Executing VM operation: CollectForMetadataAllocation
Event: 1.757 Executing VM operation: CollectForMetadataAllocation done
Event: 1.762 Executing VM operation: G1Concurrent
Event: 1.763 Executing VM operation: G1Concurrent done
Event: 1.764 Executing VM operation: G1Concurrent
Event: 1.765 Executing VM operation: G1Concurrent done
Event: 1.985 Executing VM operation: HandshakeAllThreads
Event: 1.985 Executing VM operation: HandshakeAllThreads done
Event: 1.985 Executing VM operation: HandshakeAllThreads
Event: 1.985 Executing VM operation: HandshakeAllThreads done

Events (20 events):
Event: 2.135 loading class java/io/ObjectInputStream
Event: 2.135 loading class java/io/ObjectInput
Event: 2.135 loading class java/io/ObjectInput done
Event: 2.135 loading class java/io/ObjectInputStream done
Event: 2.142 loading class java/lang/management/MemoryType
Event: 2.142 loading class java/lang/management/MemoryType done
Event: 2.142 loading class java/lang/management/MemoryUsage
Event: 2.142 loading class java/lang/management/MemoryUsage done
Event: 2.142 loading class java/util/concurrent/LinkedBlockingDeque$Node
Event: 2.142 loading class java/util/concurrent/LinkedBlockingDeque$Node done
Event: 2.300 loading class javax/xml/parsers/ParserConfigurationException
Event: 2.300 loading class javax/xml/parsers/ParserConfigurationException done
Event: 2.300 loading class org/xml/sax/SAXException
Event: 2.300 loading class org/xml/sax/SAXException done
Event: 2.300 loading class javax/xml/xpath/XPathExpressionException
Event: 2.300 loading class javax/xml/xpath/XPathException
Event: 2.300 loading class javax/xml/xpath/XPathException done
Event: 2.300 loading class javax/xml/xpath/XPathExpressionException done
Event: 2.300 loading class org/xml/sax/ErrorHandler
Event: 2.300 loading class org/xml/sax/ErrorHandler done


Dynamic libraries:
0x00007ff76c0a0000 - 0x00007ff76c0aa000 	C:\Program Files\Android\Android Studio\jbr\bin\java.exe
0x00007ffbe7810000 - 0x00007ffbe7a08000 	C:\Windows\SYSTEM32\ntdll.dll
0x00007ffbe5b20000 - 0x00007ffbe5bdd000 	C:\Windows\System32\KERNEL32.DLL
0x00007ffbe4ef0000 - 0x00007ffbe51e6000 	C:\Windows\System32\KERNELBASE.dll
0x00007ffbe56a0000 - 0x00007ffbe57a0000 	C:\Windows\System32\ucrtbase.dll
0x00007ffbdd730000 - 0x00007ffbdd747000 	C:\Program Files\Android\Android Studio\jbr\bin\jli.dll
0x00007ffbe7630000 - 0x00007ffbe77ce000 	C:\Windows\System32\USER32.dll
0x00007ffbe51f0000 - 0x00007ffbe5212000 	C:\Windows\System32\win32u.dll
0x00007ffbd2e80000 - 0x00007ffbd311a000 	C:\Windows\WinSxS\amd64_microsoft.windows.common-controls_6595b64144ccf1df_6.0.19041.3636_none_60b6a03d71f818d5\COMCTL32.dll
0x00007ffbca320000 - 0x00007ffbca33b000 	C:\Program Files\Android\Android Studio\jbr\bin\VCRUNTIME140.dll
0x00007ffbe6ec0000 - 0x00007ffbe6eec000 	C:\Windows\System32\GDI32.dll
0x00007ffbe6460000 - 0x00007ffbe64fe000 	C:\Windows\System32\msvcrt.dll
0x00007ffbe5380000 - 0x00007ffbe549a000 	C:\Windows\System32\gdi32full.dll
0x00007ffbe57d0000 - 0x00007ffbe586d000 	C:\Windows\System32\msvcp_win.dll
0x00007ffbe5870000 - 0x00007ffbe58a0000 	C:\Windows\System32\IMM32.DLL
0x00007ffbdd6d0000 - 0x00007ffbdd6dc000 	C:\Program Files\Android\Android Studio\jbr\bin\vcruntime140_1.dll
0x00007ffbc2de0000 - 0x00007ffbc2e6d000 	C:\Program Files\Android\Android Studio\jbr\bin\msvcp140.dll
0x00007ffb797b0000 - 0x00007ffb7a41e000 	C:\Program Files\Android\Android Studio\jbr\bin\server\jvm.dll
0x00007ffbe5a70000 - 0x00007ffbe5b1f000 	C:\Windows\System32\ADVAPI32.dll
0x00007ffbe7590000 - 0x00007ffbe762c000 	C:\Windows\System32\sechost.dll
0x00007ffbe7160000 - 0x00007ffbe7286000 	C:\Windows\System32\RPCRT4.dll
0x00007ffbda7f0000 - 0x00007ffbda817000 	C:\Windows\SYSTEM32\WINMM.dll
0x00007ffbe3590000 - 0x00007ffbe3599000 	C:\Windows\SYSTEM32\WSOCK32.dll
0x00007ffbe6e50000 - 0x00007ffbe6ebb000 	C:\Windows\System32\WS2_32.dll
0x00007ffbda7e0000 - 0x00007ffbda7ea000 	C:\Windows\SYSTEM32\VERSION.dll
0x00007ffbe3740000 - 0x00007ffbe3752000 	C:\Windows\SYSTEM32\kernel.appcore.dll
0x00007ffbe08e0000 - 0x00007ffbe08ea000 	C:\Program Files\Android\Android Studio\jbr\bin\jimage.dll
0x00007ffbe2b80000 - 0x00007ffbe2d64000 	C:\Windows\SYSTEM32\DBGHELP.DLL
0x00007ffbd2da0000 - 0x00007ffbd2dd4000 	C:\Windows\SYSTEM32\dbgcore.DLL
0x00007ffbe5610000 - 0x00007ffbe5692000 	C:\Windows\System32\bcryptPrimitives.dll
0x00007ffbdf040000 - 0x00007ffbdf065000 	C:\Program Files\Android\Android Studio\jbr\bin\java.dll
0x00007ffbdfad0000 - 0x00007ffbdfae8000 	C:\Program Files\Android\Android Studio\jbr\bin\zip.dll
0x00007ffbe5be0000 - 0x00007ffbe6324000 	C:\Windows\System32\SHELL32.dll
0x00007ffbe2d70000 - 0x00007ffbe350b000 	C:\Windows\SYSTEM32\windows.storage.dll
0x00007ffbe6620000 - 0x00007ffbe6974000 	C:\Windows\System32\combase.dll
0x00007ffbe4930000 - 0x00007ffbe495d000 	C:\Windows\SYSTEM32\Wldp.dll
0x00007ffbe7050000 - 0x00007ffbe70fd000 	C:\Windows\System32\SHCORE.dll
0x00007ffbe7100000 - 0x00007ffbe7155000 	C:\Windows\System32\shlwapi.dll
0x00007ffbe4e20000 - 0x00007ffbe4e45000 	C:\Windows\SYSTEM32\profapi.dll
0x00007ffbdfa80000 - 0x00007ffbdfa99000 	C:\Program Files\Android\Android Studio\jbr\bin\net.dll
0x00007ffbdfaf0000 - 0x00007ffbdfbfa000 	C:\Windows\SYSTEM32\WINHTTP.dll
0x00007ffbe4690000 - 0x00007ffbe46fa000 	C:\Windows\system32\mswsock.dll
0x00007ffbdeaf0000 - 0x00007ffbdeb06000 	C:\Program Files\Android\Android Studio\jbr\bin\nio.dll
0x00007ffbe0880000 - 0x00007ffbe0890000 	C:\Program Files\Android\Android Studio\jbr\bin\verify.dll
0x00007ffbd1760000 - 0x00007ffbd1787000 	C:\Users\Vlad\.gradle\native\68d5fa5c4cc2d200863cafc0d521ce42e7d3e7ee720ec0a83991735586a16f82\windows-amd64\native-platform.dll
0x00007ffbbf8a0000 - 0x00007ffbbf9e4000 	C:\Users\Vlad\.gradle\native\e376f236ea51e6404a007f0833ffe2c6e607c4080706a723a18a27aeea778392\windows-amd64\native-platform-file-events.dll
0x00007ffbe0830000 - 0x00007ffbe0839000 	C:\Program Files\Android\Android Studio\jbr\bin\management.dll
0x00007ffbe07b0000 - 0x00007ffbe07bb000 	C:\Program Files\Android\Android Studio\jbr\bin\management_ext.dll
0x00007ffbe6ef0000 - 0x00007ffbe6ef8000 	C:\Windows\System32\PSAPI.DLL
0x00007ffbe4890000 - 0x00007ffbe48a8000 	C:\Windows\SYSTEM32\CRYPTSP.dll
0x00007ffbe3f50000 - 0x00007ffbe3f84000 	C:\Windows\system32\rsaenh.dll
0x00007ffbe57a0000 - 0x00007ffbe57c7000 	C:\Windows\System32\bcrypt.dll
0x00007ffbe4da0000 - 0x00007ffbe4dce000 	C:\Windows\SYSTEM32\USERENV.dll
0x00007ffbe4880000 - 0x00007ffbe488c000 	C:\Windows\SYSTEM32\CRYPTBASE.dll
0x00007ffbe4330000 - 0x00007ffbe436b000 	C:\Windows\SYSTEM32\IPHLPAPI.DLL
0x00007ffbe59e0000 - 0x00007ffbe59e8000 	C:\Windows\System32\NSI.dll
0x00007ffbdd170000 - 0x00007ffbdd187000 	C:\Windows\SYSTEM32\dhcpcsvc6.DLL
0x00007ffbdcf70000 - 0x00007ffbdcf8d000 	C:\Windows\SYSTEM32\dhcpcsvc.DLL
0x00007ffbe4380000 - 0x00007ffbe444a000 	C:\Windows\SYSTEM32\DNSAPI.dll
0x00007ffbd2b50000 - 0x00007ffbd2b57000 	C:\Windows\system32\wshunix.dll

dbghelp: loaded successfully - version: 4.0.5 - missing functions: none
symbol engine: initialized successfully - sym options: 0x614 - pdb path: .;C:\Program Files\Android\Android Studio\jbr\bin;C:\Windows\SYSTEM32;C:\Windows\WinSxS\amd64_microsoft.windows.common-controls_6595b64144ccf1df_6.0.19041.3636_none_60b6a03d71f818d5;C:\Program Files\Android\Android Studio\jbr\bin\server;C:\Users\Vlad\.gradle\native\68d5fa5c4cc2d200863cafc0d521ce42e7d3e7ee720ec0a83991735586a16f82\windows-amd64;C:\Users\Vlad\.gradle\native\e376f236ea51e6404a007f0833ffe2c6e607c4080706a723a18a27aeea778392\windows-amd64

VM Arguments:
jvm_args: --add-opens=java.base/java.util=ALL-UNNAMED --add-opens=java.base/java.lang=ALL-UNNAMED --add-opens=java.base/java.lang.invoke=ALL-UNNAMED --add-opens=java.prefs/java.util.prefs=ALL-UNNAMED --add-opens=java.base/java.nio.charset=ALL-UNNAMED --add-opens=java.base/java.net=ALL-UNNAMED --add-opens=java.base/java.util.concurrent.atomic=ALL-UNNAMED -Xmx2048m -Dfile.encoding=UTF-8 -Duser.country=RU -Duser.language=ru -Duser.variant 
java_command: org.gradle.launcher.daemon.bootstrap.GradleDaemon 8.0
java_class_path (initial): C:\Users\Vlad\.gradle\wrapper\dists\gradle-8.0-bin\ca5e32bp14vu59qr306oxotwh\gradle-8.0\lib\gradle-launcher-8.0.jar
Launcher Type: SUN_STANDARD

[Global flags]
     intx CICompilerCount                          = 4                                         {product} {ergonomic}
     uint ConcGCThreads                            = 2                                         {product} {ergonomic}
     uint G1ConcRefinementThreads                  = 8                                         {product} {ergonomic}
   size_t G1HeapRegionSize                         = 1048576                                   {product} {ergonomic}
    uintx GCDrainStackTargetSize                   = 64                                        {product} {ergonomic}
   size_t InitialHeapSize                          = 260046848                                 {product} {ergonomic}
   size_t MarkStackSize                            = 4194304                                   {product} {ergonomic}
   size_t MaxHeapSize                              = 2147483648                                {product} {command line}
   size_t MaxNewSize                               = 1287651328                                {product} {ergonomic}
   size_t MinHeapDeltaBytes                        = 1048576                                   {product} {ergonomic}
   size_t MinHeapSize                              = 8388608                                   {product} {ergonomic}
    uintx NonNMethodCodeHeapSize                   = 5839372                                {pd product} {ergonomic}
    uintx NonProfiledCodeHeapSize                  = 122909434                              {pd product} {ergonomic}
    uintx ProfiledCodeHeapSize                     = 122909434                              {pd product} {ergonomic}
    uintx ReservedCodeCacheSize                    = 251658240                              {pd product} {ergonomic}
     bool SegmentedCodeCache                       = true                                      {product} {ergonomic}
   size_t SoftMaxHeapSize                          = 2147483648                             {manageable} {ergonomic}
     bool UseCompressedClassPointers               = true                           {product lp64_product} {ergonomic}
     bool UseCompressedOops                        = true                           {product lp64_product} {ergonomic}
     bool UseG1GC                                  = true                                      {product} {ergonomic}
     bool UseLargePagesIndividualAllocation        = false                                  {pd product} {ergonomic}

Logging:
Log output configuration:
 #0: stdout all=warning uptime,level,tags
 #1: stderr all=off uptime,level,tags

Environment Variables:
PATH=C:\Program Files\Common Files\Oracle\Java\javapath;C:\watcom-1.3\binnt;C:\watcom-1.3\binw;C:\Windows\system32;C:\Windows;C:\Windows\System32\Wbem;C:\Windows\System32\WindowsPowerShell\v1.0\;C:\Windows\System32\OpenSSH\;D;D;C:\Program Files\dotnet\;C:\Program Files\Git\cmd;C:\Program Files\Azure Data Studio\bin;C:\Program Files (x86)\Microsoft SQL Server\160\Tools\Binn\;C:\Program Files\Microsoft SQL Server\160\Tools\Binn\;C:\Program Files\Microsoft SQL Server\Client SDK\ODBC\170\Tools\Binn\;C:\Program Files\Microsoft SQL Server\160\DTS\Binn\;C:\Program Files (x86)\Microsoft SQL Server\160\DTS\Binn\;C:\Perl\c\bin;C:\Perl\perl\site\bin;C:\Perl\perl\bin;C:\Users\Vlad\AppData\Local\bin\NASM;C:\Users\Vlad\AppData\Local\Microsoft\WindowsApps;D:\java\IntelliJ IDEA Community Edition 2022.1\bin;C:\Users\Vlad\.dotnet\tools;C:\Users\Vlad\AppData\Local\GitHubDesktop\bin;C:\Program Files\erl-23.3.4.18\bin;C:\Users\Vlad\AppData\Local\Programs\Microsoft VS Code\bin;D:\universety\ProgForMakeLab\flutter\bin
USERNAME=Vlad
OS=Windows_NT
PROCESSOR_IDENTIFIER=AMD64 Family 23 Model 96 Stepping 1, AuthenticAMD
TMP=C:\Users\Vlad\AppData\Local\Temp
TEMP=C:\Users\Vlad\AppData\Local\Temp


JNI global refs:
JNI global refs: 23, weak refs: 1

JNI global refs memory usage: 843, weak refs: 841


---------------  S Y S T E M  ---------------

OS:
 Windows 10 , 64 bit Build 19041 (10.0.19041.3636)
OS uptime: 12 days 16:15 hours

CPU: total 8 (initial active 8) (8 cores per cpu, 1 threads per core) family 23 model 96 stepping 1 microcode 0x0, cx8, cmov, fxsr, mmx, 3dnowpref, sse, sse2, sse3, ssse3, sse4a, sse4.1, sse4.2, popcnt, lzcnt, tsc, tscinvbit, avx, avx2, aes, clmul, bmi1, bmi2, adx, sha, fma, vzeroupper, clflush, clflushopt

Memory: 4k page, system-wide physical 15792M (1742M free)
TotalPageFile size 21792M (AvailPageFile size 5M)
current process WorkingSet (physical memory assigned to process): 160M, peak: 160M
current process commit charge ("private bytes"): 217M, peak: 387M

vm_info: OpenJDK 64-Bit Server VM (17.0.6+0-b2043.56-10027231) for windows-amd64 JRE (17.0.6+0-b2043.56-10027231), built on Apr 28 2023 00:43:19 by "androidbuild" with MS VC++ 16.10 / 16.11 (VS2019)

END.
